<?xml version="1.0" encoding="UTF-8"?>
<!-- Generated by org.testng.reporters.JUnitReportReporter -->
<testsuite hostname="DESKTOP-I5PORJC" failures="0" tests="1" name="demoTest.BaseTest.Demo_TestClass" time="12.586" errors="0" timestamp="2025-08-28T18:52:01 IST" skipped="0">
  <testcase classname="demoTest.BaseTest.Demo_TestClass" name="verifyPageTitle" time="12.586"/>
</testsuite> <!-- demoTest.BaseTest.Demo_TestClass -->
