<?xml version="1.0" encoding="UTF-8"?>
<!-- Generated by org.testng.reporters.JUnitReportReporter -->
<testsuite hostname="DESKTOP-I5PORJC" failures="0" tests="1" name="demoTestCctech.AutomationPracticeFormTest" time="14.867" errors="0" timestamp="2025-08-29T14:40:13 IST" skipped="0">
  <testcase classname="demoTestCctech.AutomationPracticeFormTest" name="testValidFormSubmission" time="14.867"/>
</testsuite> <!-- demoTestCctech.AutomationPracticeFormTest -->
